#! /c/Source/iverilog-install/bin/vvp
:ivl_version "12.0 (devel)" "(s20150603-1539-g2693dd32b)";
:ivl_delay_selection "TYPICAL";
:vpi_time_precision + 0;
:vpi_module "C:\iverilog\lib\ivl\system.vpi";
:vpi_module "C:\iverilog\lib\ivl\vhdl_sys.vpi";
:vpi_module "C:\iverilog\lib\ivl\vhdl_textio.vpi";
:vpi_module "C:\iverilog\lib\ivl\v2005_math.vpi";
:vpi_module "C:\iverilog\lib\ivl\va_math.vpi";
S_000002c2a5f7afd0 .scope module, "SPI_STATE" "SPI_STATE" 2 1;
 .timescale 0 0;
    .port_info 0 /INPUT 1 "clk";
    .port_info 1 /INPUT 1 "reset";
    .port_info 2 /INPUT 16 "datain";
    .port_info 3 /OUTPUT 1 "spi_cs_l";
    .port_info 4 /OUTPUT 1 "spi_clk";
    .port_info 5 /OUTPUT 1 "spi_data";
    .port_info 6 /OUTPUT 5 "counter";
L_000002c2a5f7a4e0 .functor BUFZ 1, v000002c2a5fc3ce0_0, C4<0>, C4<0>, C4<0>;
L_000002c2a5f71870 .functor BUFZ 1, v000002c2a5fc3ec0_0, C4<0>, C4<0>, C4<0>;
L_000002c2a5fc4280 .functor BUFZ 5, v000002c2a5f7a440_0, C4<00000>, C4<00000>, C4<00000>;
v000002c2a5f71c70_0 .var "MOSI", 15 0;
o000002c2a5fcbfc8 .functor BUFZ 1, C4<z>; HiZ drive
v000002c2a5f7b160_0 .net "clk", 0 0, o000002c2a5fcbfc8;  0 drivers
v000002c2a5f7a440_0 .var "count", 4 0;
v000002c2a5fc3c40_0 .net "counter", 4 0, L_000002c2a5fc4280;  1 drivers
v000002c2a5fc3ce0_0 .var "cs_l", 0 0;
o000002c2a5fcc088 .functor BUFZ 16, C4<zzzzzzzzzzzzzzzz>; HiZ drive
v000002c2a5fc3d80_0 .net "datain", 15 0, o000002c2a5fcc088;  0 drivers
o000002c2a5fcc0b8 .functor BUFZ 1, C4<z>; HiZ drive
v000002c2a5fc3e20_0 .net "reset", 0 0, o000002c2a5fcc0b8;  0 drivers
v000002c2a5fc3ec0_0 .var "sclk", 0 0;
v000002c2a5fc3f60_0 .net "spi_clk", 0 0, L_000002c2a5f71870;  1 drivers
v000002c2a5fc4000_0 .net "spi_cs_l", 0 0, L_000002c2a5f7a4e0;  1 drivers
v000002c2a5fc40a0_0 .net "spi_data", 0 0, L_000002c2a5fc41e0;  1 drivers
v000002c2a5fc4140_0 .var "state", 2 0;
E_000002c2a5fcb730 .event posedge, v000002c2a5fc3e20_0, v000002c2a5f7b160_0;
L_000002c2a5fc41e0 .part v000002c2a5f71c70_0, 0, 1;
    .scope S_000002c2a5f7afd0;
T_0 ;
    %wait E_000002c2a5fcb730;
    %load/vec4 v000002c2a5fc3e20_0;
    %flag_set/vec4 8;
    %jmp/0xz  T_0.0, 8;
    %pushi/vec4 0, 0, 16;
    %assign/vec4 v000002c2a5f71c70_0, 0;
    %pushi/vec4 16, 0, 5;
    %assign/vec4 v000002c2a5f7a440_0, 0;
    %pushi/vec4 1, 0, 1;
    %assign/vec4 v000002c2a5fc3ce0_0, 0;
    %pushi/vec4 0, 0, 1;
    %assign/vec4 v000002c2a5fc3ec0_0, 0;
    %jmp T_0.1;
T_0.0 ;
    %load/vec4 v000002c2a5fc4140_0;
    %dup/vec4;
    %pushi/vec4 0, 0, 3;
    %cmp/u;
    %jmp/1 T_0.2, 6;
    %dup/vec4;
    %pushi/vec4 1, 0, 3;
    %cmp/u;
    %jmp/1 T_0.3, 6;
    %dup/vec4;
    %pushi/vec4 2, 0, 3;
    %cmp/u;
    %jmp/1 T_0.4, 6;
    %pushi/vec4 0, 0, 3;
    %assign/vec4 v000002c2a5fc4140_0, 0;
    %jmp T_0.6;
T_0.2 ;
    %pushi/vec4 0, 0, 1;
    %assign/vec4 v000002c2a5fc3ec0_0, 0;
    %pushi/vec4 1, 0, 1;
    %assign/vec4 v000002c2a5fc3ce0_0, 0;
    %pushi/vec4 1, 0, 3;
    %assign/vec4 v000002c2a5fc4140_0, 0;
    %jmp T_0.6;
T_0.3 ;
    %pushi/vec4 1, 0, 1;
    %assign/vec4 v000002c2a5fc3ec0_0, 0;
    %pushi/vec4 0, 0, 1;
    %assign/vec4 v000002c2a5fc3ce0_0, 0;
    %load/vec4 v000002c2a5fc3d80_0;
    %load/vec4 v000002c2a5f7a440_0;
    %pad/u 32;
    %subi 1, 0, 32;
    %part/u 1;
    %pad/u 16;
    %assign/vec4 v000002c2a5f71c70_0, 0;
    %load/vec4 v000002c2a5f7a440_0;
    %subi 1, 0, 5;
    %assign/vec4 v000002c2a5f7a440_0, 0;
    %pushi/vec4 2, 0, 3;
    %assign/vec4 v000002c2a5fc4140_0, 0;
    %jmp T_0.6;
T_0.4 ;
    %pushi/vec4 0, 0, 1;
    %assign/vec4 v000002c2a5fc3ec0_0, 0;
    %pushi/vec4 1, 0, 1;
    %assign/vec4 v000002c2a5fc3ce0_0, 0;
    %load/vec4 v000002c2a5f7a440_0;
    %pad/u 32;
    %cmpi/u 0, 0, 32;
    %flag_or 5, 4; GT is !LE
    %flag_inv 5;
    %jmp/0xz  T_0.7, 5;
    %pushi/vec4 1, 0, 3;
    %assign/vec4 v000002c2a5fc4140_0, 0;
    %jmp T_0.8;
T_0.7 ;
    %pushi/vec4 16, 0, 5;
    %assign/vec4 v000002c2a5f7a440_0, 0;
    %pushi/vec4 0, 0, 3;
    %assign/vec4 v000002c2a5fc4140_0, 0;
T_0.8 ;
    %jmp T_0.6;
T_0.6 ;
    %pop/vec4 1;
T_0.1 ;
    %jmp T_0;
    .thread T_0;
# The file index is used to find the file name in the following table.
:file_names 3;
    "N/A";
    "<interactive>";
    "spi.v";
