#! /c/Source/iverilog-install/bin/vvp
:ivl_version "12.0 (devel)" "(s20150603-1539-g2693dd32b)";
:ivl_delay_selection "TYPICAL";
:vpi_time_precision - 12;
:vpi_module "C:\iverilog\lib\ivl\system.vpi";
:vpi_module "C:\iverilog\lib\ivl\vhdl_sys.vpi";
:vpi_module "C:\iverilog\lib\ivl\vhdl_textio.vpi";
:vpi_module "C:\iverilog\lib\ivl\v2005_math.vpi";
:vpi_module "C:\iverilog\lib\ivl\va_math.vpi";
S_0000018bf554b9f0 .scope module, "spitb" "spitb" 2 3;
 .timescale -12 -12;
v0000018bf5543910_0 .var "clk", 0 0;
v0000018bf55439b0_0 .net "counter", 4 0, L_0000018bf554f4b0;  1 drivers
v0000018bf5544400_0 .var "datain", 15 0;
v0000018bf55445e0_0 .var "reset", 0 0;
v0000018bf55440e0_0 .net "spi_clk", 0 0, L_0000018bf554f210;  1 drivers
v0000018bf5544720_0 .net "spi_cs_l", 0 0, L_0000018bf554f670;  1 drivers
v0000018bf5544540_0 .net "spi_data", 0 0, L_0000018bf5543be0;  1 drivers
S_0000018bf554bb80 .scope module, "DUT" "SPI_STATE" 2 8, 3 1 0, S_0000018bf554b9f0;
 .timescale 0 0;
    .port_info 0 /INPUT 1 "clk";
    .port_info 1 /INPUT 1 "reset";
    .port_info 2 /INPUT 16 "datain";
    .port_info 3 /OUTPUT 1 "spi_cs_l";
    .port_info 4 /OUTPUT 1 "spi_clk";
    .port_info 5 /OUTPUT 1 "spi_data";
    .port_info 6 /OUTPUT 5 "counter";
L_0000018bf554f670 .functor BUFZ 1, v0000018bf53dce20_0, C4<0>, C4<0>, C4<0>;
L_0000018bf554f210 .functor BUFZ 1, v0000018bf55435f0_0, C4<0>, C4<0>, C4<0>;
L_0000018bf554f4b0 .functor BUFZ 5, v0000018bf53dcce0_0, C4<00000>, C4<00000>, C4<00000>;
v0000018bf53d1cb0_0 .var "MOSI", 15 0;
v0000018bf53dc2f0_0 .net "clk", 0 0, v0000018bf5543910_0;  1 drivers
v0000018bf53dcce0_0 .var "count", 4 0;
v0000018bf53dcd80_0 .net "counter", 4 0, L_0000018bf554f4b0;  alias, 1 drivers
v0000018bf53dce20_0 .var "cs_l", 0 0;
v0000018bf53dcec0_0 .net "datain", 15 0, v0000018bf5544400_0;  1 drivers
v0000018bf5543550_0 .net "reset", 0 0, v0000018bf55445e0_0;  1 drivers
v0000018bf55435f0_0 .var "sclk", 0 0;
v0000018bf5543690_0 .net "spi_clk", 0 0, L_0000018bf554f210;  alias, 1 drivers
v0000018bf5543730_0 .net "spi_cs_l", 0 0, L_0000018bf554f670;  alias, 1 drivers
v0000018bf55437d0_0 .net "spi_data", 0 0, L_0000018bf5543be0;  alias, 1 drivers
v0000018bf5543870_0 .var "state", 2 0;
E_0000018bf55366e0 .event posedge, v0000018bf5543550_0, v0000018bf53dc2f0_0;
L_0000018bf5543be0 .part v0000018bf53d1cb0_0, 0, 1;
    .scope S_0000018bf554bb80;
T_0 ;
    %wait E_0000018bf55366e0;
    %load/vec4 v0000018bf5543550_0;
    %flag_set/vec4 8;
    %jmp/0xz  T_0.0, 8;
    %pushi/vec4 0, 0, 16;
    %assign/vec4 v0000018bf53d1cb0_0, 0;
    %pushi/vec4 16, 0, 5;
    %assign/vec4 v0000018bf53dcce0_0, 0;
    %pushi/vec4 1, 0, 1;
    %assign/vec4 v0000018bf53dce20_0, 0;
    %pushi/vec4 0, 0, 1;
    %assign/vec4 v0000018bf55435f0_0, 0;
    %jmp T_0.1;
T_0.0 ;
    %load/vec4 v0000018bf5543870_0;
    %dup/vec4;
    %pushi/vec4 0, 0, 3;
    %cmp/u;
    %jmp/1 T_0.2, 6;
    %dup/vec4;
    %pushi/vec4 1, 0, 3;
    %cmp/u;
    %jmp/1 T_0.3, 6;
    %dup/vec4;
    %pushi/vec4 2, 0, 3;
    %cmp/u;
    %jmp/1 T_0.4, 6;
    %pushi/vec4 0, 0, 3;
    %assign/vec4 v0000018bf5543870_0, 0;
    %jmp T_0.6;
T_0.2 ;
    %pushi/vec4 0, 0, 1;
    %assign/vec4 v0000018bf55435f0_0, 0;
    %pushi/vec4 1, 0, 1;
    %assign/vec4 v0000018bf53dce20_0, 0;
    %pushi/vec4 1, 0, 3;
    %assign/vec4 v0000018bf5543870_0, 0;
    %jmp T_0.6;
T_0.3 ;
    %pushi/vec4 1, 0, 1;
    %assign/vec4 v0000018bf55435f0_0, 0;
    %pushi/vec4 0, 0, 1;
    %assign/vec4 v0000018bf53dce20_0, 0;
    %load/vec4 v0000018bf53dcec0_0;
    %load/vec4 v0000018bf53dcce0_0;
    %pad/u 32;
    %subi 1, 0, 32;
    %part/u 1;
    %pad/u 16;
    %assign/vec4 v0000018bf53d1cb0_0, 0;
    %load/vec4 v0000018bf53dcce0_0;
    %subi 1, 0, 5;
    %assign/vec4 v0000018bf53dcce0_0, 0;
    %pushi/vec4 2, 0, 3;
    %assign/vec4 v0000018bf5543870_0, 0;
    %jmp T_0.6;
T_0.4 ;
    %pushi/vec4 0, 0, 1;
    %assign/vec4 v0000018bf55435f0_0, 0;
    %pushi/vec4 1, 0, 1;
    %assign/vec4 v0000018bf53dce20_0, 0;
    %load/vec4 v0000018bf53dcce0_0;
    %pad/u 32;
    %cmpi/u 0, 0, 32;
    %flag_or 5, 4; GT is !LE
    %flag_inv 5;
    %jmp/0xz  T_0.7, 5;
    %pushi/vec4 1, 0, 3;
    %assign/vec4 v0000018bf5543870_0, 0;
    %jmp T_0.8;
T_0.7 ;
    %pushi/vec4 16, 0, 5;
    %assign/vec4 v0000018bf53dcce0_0, 0;
    %pushi/vec4 0, 0, 3;
    %assign/vec4 v0000018bf5543870_0, 0;
T_0.8 ;
    %jmp T_0.6;
T_0.6 ;
    %pop/vec4 1;
T_0.1 ;
    %jmp T_0;
    .thread T_0;
    .scope S_0000018bf554b9f0;
T_1 ;
    %pushi/vec4 0, 0, 1;
    %store/vec4 v0000018bf5543910_0, 0, 1;
    %pushi/vec4 1, 0, 1;
    %store/vec4 v0000018bf55445e0_0, 0, 1;
    %pushi/vec4 0, 0, 16;
    %store/vec4 v0000018bf5544400_0, 0, 16;
    %end;
    .thread T_1;
    .scope S_0000018bf554b9f0;
T_2 ;
T_2.0 ;
    %delay 5, 0;
    %load/vec4 v0000018bf5543910_0;
    %inv;
    %store/vec4 v0000018bf5543910_0, 0, 1;
    %jmp T_2.0;
    %end;
    .thread T_2;
    .scope S_0000018bf554b9f0;
T_3 ;
    %delay 10, 0;
    %pushi/vec4 0, 0, 1;
    %store/vec4 v0000018bf55445e0_0, 0, 1;
    %delay 10, 0;
    %pushi/vec4 2679, 0, 16;
    %store/vec4 v0000018bf5544400_0, 0, 16;
    %delay 335, 0;
    %pushi/vec4 6876, 0, 16;
    %store/vec4 v0000018bf5544400_0, 0, 16;
    %delay 335, 0;
    %pushi/vec4 6968, 0, 16;
    %store/vec4 v0000018bf5544400_0, 0, 16;
    %delay 335, 0;
    %pushi/vec4 9800, 0, 16;
    %store/vec4 v0000018bf5544400_0, 0, 16;
    %delay 335, 0;
    %pushi/vec4 9975, 0, 16;
    %store/vec4 v0000018bf5544400_0, 0, 16;
    %end;
    .thread T_3;
    .scope S_0000018bf554b9f0;
T_4 ;
    %delay 2000, 0;
    %vpi_call 2 32 "$finish" {0 0 0};
    %end;
    .thread T_4;
    .scope S_0000018bf554b9f0;
T_5 ;
    %vpi_call 2 35 "$dumpvars" {0 0 0};
    %vpi_call 2 36 "$dumpfile", "spi.vcd" {0 0 0};
    %vpi_call 2 37 "$monitor", "%t,clk=%b,reset=%b,spiclk=%b,spicsl=%b,counter=%d,datain=%d,spidata=%d", $time, v0000018bf5543910_0, v0000018bf55445e0_0, v0000018bf55440e0_0, v0000018bf5544720_0, v0000018bf55439b0_0, v0000018bf5544400_0, v0000018bf5544540_0 {0 0 0};
    %end;
    .thread T_5;
# The file index is used to find the file name in the following table.
:file_names 4;
    "N/A";
    "<interactive>";
    "spitb.v";
    "./spi.v";
